Using pre-set license
Built from '2022.3/release' branch; Version is '2022.3.18f1 (d29bea25151d) revision 13802474'; Using compiler version '192829333'; Build Type 'Release'
OS: 'Windows 11  (10.0.22631) 64bit Professional' Language: 'es' Physical Memory: 16085 MB
BatchMode: 1, IsHumanControllingUs: 0, StartBugReporterOnCrash: 0, Is64bit: 1, IsPro: 1

COMMAND LINE ARGUMENTS:
C:\Program Files\Unity 2022.3.18f1\Editor\Unity.exe
-adb2
-batchMode
-noUpm
-name
AssetImportWorker6
-projectPath
C:/Users/sofsa/OneDrive/Escritorio/IAV24-PenalbaMartos-SanchezSofia/Refugiate
-logFile
Logs/AssetImportWorker6.log
-srvPort
49658
Successfully changed project path to: C:/Users/sofsa/OneDrive/Escritorio/IAV24-PenalbaMartos-SanchezSofia/Refugiate
C:/Users/sofsa/OneDrive/Escritorio/IAV24-PenalbaMartos-SanchezSofia/Refugiate
[UnityMemory] Configuration Parameters - Can be set up in boot.config
    "memorysetup-bucket-allocator-granularity=16"
    "memorysetup-bucket-allocator-bucket-count=8"
    "memorysetup-bucket-allocator-block-size=33554432"
    "memorysetup-bucket-allocator-block-count=8"
    "memorysetup-main-allocator-block-size=16777216"
    "memorysetup-thread-allocator-block-size=16777216"
    "memorysetup-gfx-main-allocator-block-size=16777216"
    "memorysetup-gfx-thread-allocator-block-size=16777216"
    "memorysetup-cache-allocator-block-size=4194304"
    "memorysetup-typetree-allocator-block-size=2097152"
    "memorysetup-profiler-bucket-allocator-granularity=16"
    "memorysetup-profiler-bucket-allocator-bucket-count=8"
    "memorysetup-profiler-bucket-allocator-block-size=33554432"
    "memorysetup-profiler-bucket-allocator-block-count=8"
    "memorysetup-profiler-allocator-block-size=16777216"
    "memorysetup-profiler-editor-allocator-block-size=1048576"
    "memorysetup-temp-allocator-size-main=16777216"
    "memorysetup-job-temp-allocator-block-size=2097152"
    "memorysetup-job-temp-allocator-block-size-background=1048576"
    "memorysetup-job-temp-allocator-reduction-small-platforms=262144"
    "memorysetup-allocator-temp-initial-block-size-main=262144"
    "memorysetup-allocator-temp-initial-block-size-worker=262144"
    "memorysetup-temp-allocator-size-background-worker=32768"
    "memorysetup-temp-allocator-size-job-worker=262144"
    "memorysetup-temp-allocator-size-preload-manager=33554432"
    "memorysetup-temp-allocator-size-nav-mesh-worker=65536"
    "memorysetup-temp-allocator-size-audio-worker=65536"
    "memorysetup-temp-allocator-size-cloud-worker=32768"
    "memorysetup-temp-allocator-size-gi-baking-worker=262144"
    "memorysetup-temp-allocator-size-gfx=262144"
Player connection [21600] Host "[IP] 192.168.56.1 [Port] 0 [Flags] 2 [Guid] 4191011999 [EditorId] 4191011999 [Version] 1048832 [Id] WindowsEditor(7,DESKTOP-R08OFDJ) [Debug] 1 [PackageName] WindowsEditor [ProjectName] Editor" joined multi-casting on [225.0.0.222:54997]...

Player connection [21600] Host "[IP] 192.168.56.1 [Port] 0 [Flags] 2 [Guid] 4191011999 [EditorId] 4191011999 [Version] 1048832 [Id] WindowsEditor(7,DESKTOP-R08OFDJ) [Debug] 1 [PackageName] WindowsEditor [ProjectName] Editor" joined alternative multi-casting on [225.0.0.222:34997]...

[Physics::Module] Initialized MultithreadedJobDispatcher with 15 workers.
Refreshing native plugins compatible for Editor in 6.61 ms, found 2 plugins.
Preloading 0 native plugins for Editor in 0.00 ms.
Initialize engine version: 2022.3.18f1 (d29bea25151d)
[Subsystems] Discovering subsystems at path C:/Program Files/Unity 2022.3.18f1/Editor/Data/Resources/UnitySubsystems
[Subsystems] Discovering subsystems at path C:/Users/sofsa/OneDrive/Escritorio/IAV24-PenalbaMartos-SanchezSofia/Refugiate/Assets
GfxDevice: creating device client; threaded=0; jobified=0
Direct3D:
    Version:  Direct3D 11.0 [level 11.1]
    Renderer: NVIDIA GeForce RTX 3060 Laptop GPU (ID=0x2520)
    Vendor:   NVIDIA
    VRAM:     6023 MB
    Driver:   30.0.15.1165
Initialize mono
Mono path[0] = 'C:/Program Files/Unity 2022.3.18f1/Editor/Data/Managed'
Mono path[1] = 'C:/Program Files/Unity 2022.3.18f1/Editor/Data/MonoBleedingEdge/lib/mono/unityjit-win32'
Mono config path = 'C:/Program Files/Unity 2022.3.18f1/Editor/Data/MonoBleedingEdge/etc'
Using monoOptions --debugger-agent=transport=dt_socket,embedding=1,server=y,suspend=n,address=127.0.0.1:56176
Begin MonoManager ReloadAssembly
Registering precompiled unity dll's ...
Register platform support module: C:/Program Files/Unity 2022.3.18f1/Editor/Data/PlaybackEngines/AndroidPlayer/UnityEditor.Android.Extensions.dll
Register platform support module: C:/Program Files/Unity 2022.3.18f1/Editor/Data/PlaybackEngines/WindowsStandaloneSupport/UnityEditor.WindowsStandalone.Extensions.dll
Registered in 0.005142 seconds.
- Loaded All Assemblies, in  0.346 seconds
Native extension for WindowsStandalone target not found
Native extension for Android target not found
Mono: successfully reloaded assembly
- Finished resetting the current domain, in  0.302 seconds
Domain Reload Profiling: 647ms
	BeginReloadAssembly (97ms)
		ExecutionOrderSort (0ms)
		DisableScriptedObjects (0ms)
		BackupInstance (0ms)
		ReleaseScriptingObjects (0ms)
		CreateAndSetChildDomain (1ms)
	RebuildCommonClasses (35ms)
	RebuildNativeTypeToScriptingClass (9ms)
	initialDomainReloadingComplete (54ms)
	LoadAllAssembliesAndSetupDomain (149ms)
		LoadAssemblies (96ms)
		RebuildTransferFunctionScriptingTraits (0ms)
		AnalyzeDomain (148ms)
			TypeCache.Refresh (146ms)
				TypeCache.ScanAssembly (129ms)
			ScanForSourceGeneratedMonoScriptInfo (1ms)
			ResolveRequiredComponents (1ms)
	FinalizeReload (302ms)
		ReleaseScriptCaches (0ms)
		RebuildScriptCaches (0ms)
		SetupLoadedEditorAssemblies (252ms)
			LogAssemblyErrors (0ms)
			InitializePlatformSupportModulesInManaged (94ms)
			SetLoadedEditorAssemblies (3ms)
			RefreshPlugins (0ms)
			BeforeProcessingInitializeOnLoad (2ms)
			ProcessInitializeOnLoadAttributes (107ms)
			ProcessInitializeOnLoadMethodAttributes (46ms)
			AfterProcessingInitializeOnLoad (0ms)
			EditorAssembliesLoaded (0ms)
		ExecutionOrderSort2 (0ms)
		AwakeInstancesAfterBackupRestoration (0ms)
========================================================================
Worker process is ready to serve import requests
Begin MonoManager ReloadAssembly
- Loaded All Assemblies, in  0.429 seconds
Refreshing native plugins compatible for Editor in 1.52 ms, found 2 plugins.
Native extension for WindowsStandalone target not found
Native extension for Android target not found
Package Manager log level set to [2]
[Package Manager] Server::EnsureServerProcessIsRunning -- launch failed, reason: Unity was launched with the -noUpm command-line argument
[Package Manager] UpmClient::Send -- Unable to send message (not connected to UPM process).
[Package Manager] Cannot connect to Unity Package Manager local server
Mono: successfully reloaded assembly
- Finished resetting the current domain, in  0.464 seconds
Domain Reload Profiling: 891ms
	BeginReloadAssembly (134ms)
		ExecutionOrderSort (0ms)
		DisableScriptedObjects (4ms)
		BackupInstance (0ms)
		ReleaseScriptingObjects (0ms)
		CreateAndSetChildDomain (21ms)
	RebuildCommonClasses (31ms)
	RebuildNativeTypeToScriptingClass (11ms)
	initialDomainReloadingComplete (40ms)
	LoadAllAssembliesAndSetupDomain (210ms)
		LoadAssemblies (202ms)
		RebuildTransferFunctionScriptingTraits (0ms)
		AnalyzeDomain (87ms)
			TypeCache.Refresh (77ms)
				TypeCache.ScanAssembly (61ms)
			ScanForSourceGeneratedMonoScriptInfo (7ms)
			ResolveRequiredComponents (2ms)
	FinalizeReload (465ms)
		ReleaseScriptCaches (0ms)
		RebuildScriptCaches (0ms)
		SetupLoadedEditorAssemblies (324ms)
			LogAssemblyErrors (0ms)
			InitializePlatformSupportModulesInManaged (21ms)
			SetLoadedEditorAssemblies (2ms)
			RefreshPlugins (0ms)
			BeforeProcessingInitializeOnLoad (41ms)
			ProcessInitializeOnLoadAttributes (237ms)
			ProcessInitializeOnLoadMethodAttributes (17ms)
			AfterProcessingInitializeOnLoad (5ms)
			EditorAssembliesLoaded (0ms)
		ExecutionOrderSort2 (0ms)
		AwakeInstancesAfterBackupRestoration (8ms)
Launched and connected shader compiler UnityShaderCompiler.exe after 0.03 seconds
Refreshing native plugins compatible for Editor in 3.81 ms, found 2 plugins.
Preloading 0 native plugins for Editor in 0.00 ms.
Unloading 1596 Unused Serialized files (Serialized files now loaded: 0)
Unloading 37 unused Assets / (1.8 MB). Loaded Objects now: 2055.
Memory consumption went from 106.7 MB to 104.9 MB.
Total: 5.565000 ms (FindLiveObjects: 0.214800 ms CreateObjectMapping: 0.062400 ms MarkObjects: 4.457900 ms  DeleteObjects: 0.827400 ms)

AssetImportParameters requested are different than current active one (requested -> active):
  custom:video-decoder-webm-vp8: 9c59270c3fd7afecdb556c50c9e8de78 -> 
  custom:SearchIndexIgnoredProperties: e643bd26f0fe6173181afceb89e7c659 -> 
  custom:container-demuxer-ogg: 62fdf1f143b41e24485cea50d1cbac27 -> 
  custom:AudioImporter_EditorPlatform: d09bf68614088b80899f8185d706f6e7 -> 
  custom:video-decoder-ogg-theora: a1e56fd34408186e4bbccfd4996cb3dc -> 
  custom:framework-win-MediaFoundation: 216162199b28c13a410421893ffa2e32 -> 
  custom:video-encoder-webm-vp8: eb34c28f22e8b96e1ab97ce403110664 -> 
  custom:audio-decoder-ogg-vorbis: bf7c407c2cedff20999df2af8eb42d56 -> 
  custom:CustomObjectIndexerAttribute: 6d391050e5a25f67b0a2c618074f2cd9 -> 
  custom:container-demuxer-webm: 4f35f7cbe854078d1ac9338744f61a02 -> 
  custom:audio-encoder-webm-vorbis: bf7c407c2cedff20999df2af8eb42d56 -> 
  custom:container-muxer-webm: aa71ff27fc2769a1b78a27578f13a17b -> 
========================================================================
Received Import Request.
  Time since last request: 1374977.854851 seconds.
  path: Assets/Free/Desert Rock
  artifactKey: Guid(1d9f8a1e95ed1e5479f4c6d917fb447a) Importer(815301076,1909f56bfc062723c751e8b465ee728b)
Start importing Assets/Free/Desert Rock using Guid(1d9f8a1e95ed1e5479f4c6d917fb447a) Importer(815301076,1909f56bfc062723c751e8b465ee728b)  -> (artifact id: '7cdec965a1a19dac2bebf7110568174b') in 0.002707 seconds
Number of updated asset objects reloaded before import = 0
Number of asset objects unloaded after import = 0
========================================================================
Received Import Request.
  Time since last request: 1.697648 seconds.
  path: Assets/Free/Desert Rock/Materials
  artifactKey: Guid(5f343e42388e0fb45b550b4891e1a255) Importer(815301076,1909f56bfc062723c751e8b465ee728b)
Start importing Assets/Free/Desert Rock/Materials using Guid(5f343e42388e0fb45b550b4891e1a255) Importer(815301076,1909f56bfc062723c751e8b465ee728b)  -> (artifact id: 'a621aebdb814875d17c485f735ba5c78') in 0.000735 seconds
Number of updated asset objects reloaded before import = 0
Number of asset objects unloaded after import = 0
========================================================================
Received Import Request.
  Time since last request: 1.546414 seconds.
  path: Assets/Free/Desert Rock/Materials/DesertRock4K Displacement.mat
  artifactKey: Guid(7843873bd9c3b8043a0ee72ad1c16c27) Importer(815301076,1909f56bfc062723c751e8b465ee728b)
Start importing Assets/Free/Desert Rock/Materials/DesertRock4K Displacement.mat using Guid(7843873bd9c3b8043a0ee72ad1c16c27) Importer(815301076,1909f56bfc062723c751e8b465ee728b)  -> (artifact id: '22c78d52f5af3a1841a284c1869a8bba') in 0.333498 seconds
Number of updated asset objects reloaded before import = 0
Number of asset objects unloaded after import = 4
========================================================================
Received Import Request.
  Time since last request: 47.484601 seconds.
  path: Assets/Prefabs/RefugiateFloor.prefab
  artifactKey: Guid(a7283edc6f8b3f84083a0fc201cd5c9f) Importer(815301076,1909f56bfc062723c751e8b465ee728b)
Start importing Assets/Prefabs/RefugiateFloor.prefab using Guid(a7283edc6f8b3f84083a0fc201cd5c9f) Importer(815301076,1909f56bfc062723c751e8b465ee728b)  -> (artifact id: '8729881186e92f734857c1a8f01efdc6') in 0.006460 seconds
Number of updated asset objects reloaded before import = 0
Number of asset objects unloaded after import = 4
========================================================================
Received Import Request.
  Time since last request: 9.091910 seconds.
  path: Assets/Prefabs/RefugiateFloor.prefab
  artifactKey: Guid(a7283edc6f8b3f84083a0fc201cd5c9f) Importer(815301076,1909f56bfc062723c751e8b465ee728b)
Start importing Assets/Prefabs/RefugiateFloor.prefab using Guid(a7283edc6f8b3f84083a0fc201cd5c9f) Importer(815301076,1909f56bfc062723c751e8b465ee728b)  -> (artifact id: '05f96d7b8ac4dde834096398b39afb26') in 0.019064 seconds
Number of updated asset objects reloaded before import = 0
Number of asset objects unloaded after import = 9
========================================================================
Received Import Request.
  Time since last request: 4.599509 seconds.
  path: Assets/Prefabs/RefugiateFloor.prefab
  artifactKey: Guid(a7283edc6f8b3f84083a0fc201cd5c9f) Importer(815301076,1909f56bfc062723c751e8b465ee728b)
Start importing Assets/Prefabs/RefugiateFloor.prefab using Guid(a7283edc6f8b3f84083a0fc201cd5c9f) Importer(815301076,1909f56bfc062723c751e8b465ee728b)  -> (artifact id: 'b6a1d0c42547718f065cc009ce7cd320') in 0.007441 seconds
Number of updated asset objects reloaded before import = 0
Number of asset objects unloaded after import = 9
========================================================================
Received Import Request.
  Time since last request: 2.414152 seconds.
  path: Assets/Prefabs/RefugiateFloor.prefab
  artifactKey: Guid(a7283edc6f8b3f84083a0fc201cd5c9f) Importer(815301076,1909f56bfc062723c751e8b465ee728b)
Start importing Assets/Prefabs/RefugiateFloor.prefab using Guid(a7283edc6f8b3f84083a0fc201cd5c9f) Importer(815301076,1909f56bfc062723c751e8b465ee728b)  -> (artifact id: '27fccc6b3b68b66be3974329a9ad1981') in 0.012545 seconds
Number of updated asset objects reloaded before import = 0
Number of asset objects unloaded after import = 9
========================================================================
Received Import Request.
  Time since last request: 22.318037 seconds.
  path: Assets/Prefabs/RefugiateFloor.prefab
  artifactKey: Guid(a7283edc6f8b3f84083a0fc201cd5c9f) Importer(815301076,1909f56bfc062723c751e8b465ee728b)
Start importing Assets/Prefabs/RefugiateFloor.prefab using Guid(a7283edc6f8b3f84083a0fc201cd5c9f) Importer(815301076,1909f56bfc062723c751e8b465ee728b)  -> (artifact id: '78f030e58501163d2e7b951541101760') in 0.006397 seconds
Number of updated asset objects reloaded before import = 0
Number of asset objects unloaded after import = 10
========================================================================
Received Import Request.
  Time since last request: 5.591477 seconds.
  path: Assets/Prefabs/RefugiateFloor.prefab
  artifactKey: Guid(a7283edc6f8b3f84083a0fc201cd5c9f) Importer(815301076,1909f56bfc062723c751e8b465ee728b)
Start importing Assets/Prefabs/RefugiateFloor.prefab using Guid(a7283edc6f8b3f84083a0fc201cd5c9f) Importer(815301076,1909f56bfc062723c751e8b465ee728b)  -> (artifact id: '8bc1b0f067db4c6cbf291712f4e30fea') in 0.008224 seconds
Number of updated asset objects reloaded before import = 0
Number of asset objects unloaded after import = 10
========================================================================
Received Import Request.
  Time since last request: 36.720475 seconds.
  path: Assets/Prefabs/RefugiateFloor.prefab
  artifactKey: Guid(a7283edc6f8b3f84083a0fc201cd5c9f) Importer(815301076,1909f56bfc062723c751e8b465ee728b)
Start importing Assets/Prefabs/RefugiateFloor.prefab using Guid(a7283edc6f8b3f84083a0fc201cd5c9f) Importer(815301076,1909f56bfc062723c751e8b465ee728b)  -> (artifact id: '1a7d6ae453cb8baae70d147ddb68efea') in 0.006735 seconds
Number of updated asset objects reloaded before import = 0
Number of asset objects unloaded after import = 10
========================================================================
Received Import Request.
  Time since last request: 4.727733 seconds.
  path: Assets/Prefabs/RefugiateFloor.prefab
  artifactKey: Guid(a7283edc6f8b3f84083a0fc201cd5c9f) Importer(815301076,1909f56bfc062723c751e8b465ee728b)
Start importing Assets/Prefabs/RefugiateFloor.prefab using Guid(a7283edc6f8b3f84083a0fc201cd5c9f) Importer(815301076,1909f56bfc062723c751e8b465ee728b)  -> (artifact id: 'c74c1dce105c975abfa6941f9b27cc31') in 0.008395 seconds
Number of updated asset objects reloaded before import = 0
Number of asset objects unloaded after import = 14
========================================================================
Received Import Request.
  Time since last request: 5.681382 seconds.
  path: Assets/Prefabs/RefugiateFloor.prefab
  artifactKey: Guid(a7283edc6f8b3f84083a0fc201cd5c9f) Importer(815301076,1909f56bfc062723c751e8b465ee728b)
Start importing Assets/Prefabs/RefugiateFloor.prefab using Guid(a7283edc6f8b3f84083a0fc201cd5c9f) Importer(815301076,1909f56bfc062723c751e8b465ee728b)  -> (artifact id: '4691cbf01f14504559b4855cf85f2294') in 0.006060 seconds
Number of updated asset objects reloaded before import = 0
Number of asset objects unloaded after import = 10
========================================================================
Received Import Request.
  Time since last request: 4.566312 seconds.
  path: Assets/Prefabs/RefugiateFloor.prefab
  artifactKey: Guid(a7283edc6f8b3f84083a0fc201cd5c9f) Importer(815301076,1909f56bfc062723c751e8b465ee728b)
Start importing Assets/Prefabs/RefugiateFloor.prefab using Guid(a7283edc6f8b3f84083a0fc201cd5c9f) Importer(815301076,1909f56bfc062723c751e8b465ee728b)  -> (artifact id: 'd0f4720982d2cea63176dd395b18876e') in 0.006729 seconds
Number of updated asset objects reloaded before import = 0
Number of asset objects unloaded after import = 14
========================================================================
Received Import Request.
  Time since last request: 11.265908 seconds.
  path: Assets/Prefabs/RefugiateFloor.prefab
  artifactKey: Guid(a7283edc6f8b3f84083a0fc201cd5c9f) Importer(815301076,1909f56bfc062723c751e8b465ee728b)
Start importing Assets/Prefabs/RefugiateFloor.prefab using Guid(a7283edc6f8b3f84083a0fc201cd5c9f) Importer(815301076,1909f56bfc062723c751e8b465ee728b)  -> (artifact id: '216b59e9d711fc4102ca795886e4c221') in 0.024289 seconds
Number of updated asset objects reloaded before import = 0
Number of asset objects unloaded after import = 17
========================================================================
Received Import Request.
  Time since last request: 4.257288 seconds.
  path: Assets/Prefabs/RefugiateFloor.prefab
  artifactKey: Guid(a7283edc6f8b3f84083a0fc201cd5c9f) Importer(815301076,1909f56bfc062723c751e8b465ee728b)
Start importing Assets/Prefabs/RefugiateFloor.prefab using Guid(a7283edc6f8b3f84083a0fc201cd5c9f) Importer(815301076,1909f56bfc062723c751e8b465ee728b)  -> (artifact id: 'fa9fc7219274622e42a01f1ccb021228') in 0.015124 seconds
Number of updated asset objects reloaded before import = 0
Number of asset objects unloaded after import = 13
========================================================================
Received Import Request.
  Time since last request: 9.330253 seconds.
  path: Assets/Prefabs/RefugiateFloor.prefab
  artifactKey: Guid(a7283edc6f8b3f84083a0fc201cd5c9f) Importer(815301076,1909f56bfc062723c751e8b465ee728b)
Start importing Assets/Prefabs/RefugiateFloor.prefab using Guid(a7283edc6f8b3f84083a0fc201cd5c9f) Importer(815301076,1909f56bfc062723c751e8b465ee728b)  -> (artifact id: '4bd37a2d1ea599c48ec0cdfc40b020d4') in 0.015450 seconds
Number of updated asset objects reloaded before import = 0
Number of asset objects unloaded after import = 13
========================================================================
Received Import Request.
  Time since last request: 46.007818 seconds.
  path: Assets/Prefabs/RefugiateFloor.prefab
  artifactKey: Guid(a7283edc6f8b3f84083a0fc201cd5c9f) Importer(815301076,1909f56bfc062723c751e8b465ee728b)
Start importing Assets/Prefabs/RefugiateFloor.prefab using Guid(a7283edc6f8b3f84083a0fc201cd5c9f) Importer(815301076,1909f56bfc062723c751e8b465ee728b)  -> (artifact id: 'b43d467a6ce4bff3d9bd71f92573efb7') in 0.013672 seconds
Number of updated asset objects reloaded before import = 0
Number of asset objects unloaded after import = 10
========================================================================
Received Import Request.
  Time since last request: 92.365535 seconds.
  path: Assets/Free/Desert Rock/Textures/Desert Rock_4K_Albedo.tga
  artifactKey: Guid(4f7dc9bd0d3c14340a40f9455beeeee9) Importer(815301076,1909f56bfc062723c751e8b465ee728b)
Start importing Assets/Free/Desert Rock/Textures/Desert Rock_4K_Albedo.tga using Guid(4f7dc9bd0d3c14340a40f9455beeeee9) Importer(815301076,1909f56bfc062723c751e8b465ee728b)  -> (artifact id: 'fd69ec26aeb0986e56975f24f64d5d10') in 0.028742 seconds
Number of updated asset objects reloaded before import = 0
Number of asset objects unloaded after import = 2
========================================================================
Received Import Request.
  Time since last request: 0.000043 seconds.
  path: Assets/Free/Desert Rock/Textures/Desert Rock_512_Roughness.tga
  artifactKey: Guid(2bb89817dd84f564f89a8371f51645e0) Importer(815301076,1909f56bfc062723c751e8b465ee728b)
Start importing Assets/Free/Desert Rock/Textures/Desert Rock_512_Roughness.tga using Guid(2bb89817dd84f564f89a8371f51645e0) Importer(815301076,1909f56bfc062723c751e8b465ee728b)  -> (artifact id: 'cef8ddccdb54fbd76d5868b5c52c61dd') in 0.020404 seconds
Number of updated asset objects reloaded before import = 0
Number of asset objects unloaded after import = 2
========================================================================
Received Import Request.
  Time since last request: 0.000023 seconds.
  path: Assets/Free/Desert Rock/Textures/Desert Rock_512_Normal.tga
  artifactKey: Guid(3e6389f7d0efad6499b532f60e04a9cd) Importer(815301076,1909f56bfc062723c751e8b465ee728b)
Start importing Assets/Free/Desert Rock/Textures/Desert Rock_512_Normal.tga using Guid(3e6389f7d0efad6499b532f60e04a9cd) Importer(815301076,1909f56bfc062723c751e8b465ee728b)  -> (artifact id: 'f9d28ae592fdbcf8a6d54aa49ef80d35') in 0.028349 seconds
Number of updated asset objects reloaded before import = 0
Number of asset objects unloaded after import = 2
========================================================================
Received Import Request.
  Time since last request: 0.000033 seconds.
  path: Assets/Free/Desert Rock/Textures/Desert Rock_4K_Normal.tga
  artifactKey: Guid(07dc7b673a3039a4193e918bcdbd5a9f) Importer(815301076,1909f56bfc062723c751e8b465ee728b)
Start importing Assets/Free/Desert Rock/Textures/Desert Rock_4K_Normal.tga using Guid(07dc7b673a3039a4193e918bcdbd5a9f) Importer(815301076,1909f56bfc062723c751e8b465ee728b)  -> (artifact id: '0971c87e4d51fc2279bc4780a275bfb4') in 0.021694 seconds
Number of updated asset objects reloaded before import = 0
Number of asset objects unloaded after import = 2
========================================================================
Received Prepare
Begin MonoManager ReloadAssembly
- Loaded All Assemblies, in  0.378 seconds
Refreshing native plugins compatible for Editor in 1.50 ms, found 2 plugins.
Native extension for WindowsStandalone target not found
Native extension for Android target not found
[Package Manager] Server::EnsureServerProcessIsRunning -- launch failed, reason: Unity was launched with the -noUpm command-line argument
[Package Manager] UpmClient::Send -- Unable to send message (not connected to UPM process).
[Package Manager] Cannot connect to Unity Package Manager local server
Mono: successfully reloaded assembly
- Finished resetting the current domain, in  0.861 seconds
Domain Reload Profiling: 1237ms
	BeginReloadAssembly (179ms)
		ExecutionOrderSort (0ms)
		DisableScriptedObjects (5ms)
		BackupInstance (0ms)
		ReleaseScriptingObjects (0ms)
		CreateAndSetChildDomain (43ms)
	RebuildCommonClasses (31ms)
	RebuildNativeTypeToScriptingClass (11ms)
	initialDomainReloadingComplete (26ms)
	LoadAllAssembliesAndSetupDomain (128ms)
		LoadAssemblies (214ms)
		RebuildTransferFunctionScriptingTraits (0ms)
		AnalyzeDomain (9ms)
			TypeCache.Refresh (5ms)
				TypeCache.ScanAssembly (0ms)
			ScanForSourceGeneratedMonoScriptInfo (0ms)
			ResolveRequiredComponents (3ms)
	FinalizeReload (862ms)
		ReleaseScriptCaches (0ms)
		RebuildScriptCaches (0ms)
		SetupLoadedEditorAssemblies (439ms)
			LogAssemblyErrors (0ms)
			InitializePlatformSupportModulesInManaged (25ms)
			SetLoadedEditorAssemblies (3ms)
			RefreshPlugins (0ms)
			BeforeProcessingInitializeOnLoad (56ms)
			ProcessInitializeOnLoadAttributes (322ms)
			ProcessInitializeOnLoadMethodAttributes (27ms)
			AfterProcessingInitializeOnLoad (6ms)
			EditorAssembliesLoaded (0ms)
		ExecutionOrderSort2 (0ms)
		AwakeInstancesAfterBackupRestoration (9ms)
Refreshing native plugins compatible for Editor in 2.76 ms, found 2 plugins.
Preloading 0 native plugins for Editor in 0.00 ms.
Unloading 1560 Unused Serialized files (Serialized files now loaded: 0)
Unloading 30 unused Assets / (1.8 MB). Loaded Objects now: 2103.
Memory consumption went from 100.7 MB to 99.0 MB.
Total: 4.593200 ms (FindLiveObjects: 0.257300 ms CreateObjectMapping: 0.072000 ms MarkObjects: 3.908200 ms  DeleteObjects: 0.353900 ms)

Prepare: number of updated asset objects reloaded= 0
AssetImportParameters requested are different than current active one (requested -> active):
  custom:video-decoder-webm-vp8: 9c59270c3fd7afecdb556c50c9e8de78 -> 
  custom:SearchIndexIgnoredProperties: e643bd26f0fe6173181afceb89e7c659 -> 
  custom:container-demuxer-ogg: 62fdf1f143b41e24485cea50d1cbac27 -> 
  custom:AudioImporter_EditorPlatform: d09bf68614088b80899f8185d706f6e7 -> 
  custom:video-decoder-ogg-theora: a1e56fd34408186e4bbccfd4996cb3dc -> 
  custom:framework-win-MediaFoundation: 216162199b28c13a410421893ffa2e32 -> 
  custom:video-encoder-webm-vp8: eb34c28f22e8b96e1ab97ce403110664 -> 
  custom:audio-decoder-ogg-vorbis: bf7c407c2cedff20999df2af8eb42d56 -> 
  custom:CustomObjectIndexerAttribute: 6d391050e5a25f67b0a2c618074f2cd9 -> 
  custom:container-demuxer-webm: 4f35f7cbe854078d1ac9338744f61a02 -> 
  custom:audio-encoder-webm-vorbis: bf7c407c2cedff20999df2af8eb42d56 -> 
  custom:container-muxer-webm: aa71ff27fc2769a1b78a27578f13a17b -> 
Editor requested this worker to shutdown with reason: Scaling down because of idle timeout
TcpMessagingSession - receive error: operation aborted. errorcode: 995, details: La operación de E/S se anuló por una salida de subproceso o por una solicitud de aplicación.
AssetImportWorker is now disconnected from the server
Process exiting
Exiting without the bug reporter. Application will terminate with return code 0